<?xml version="1.0" encoding="utf-8"?><testsuites name="pytest tests"><testsuite name="pytest" errors="0" failures="0" skipped="0" tests="128" time="1.800" timestamp="2026-09-11T10:29:29.237462+00:00" hostname="localhost"><testcase classname="tests.harness_v3.test_audit" name="test_explicit_audit_without_draft" time="0.036" /><testcase classname="tests.harness_v3.test_audit" name="test_empty_audit_is_local_error" time="0.004" /><testcase classname="tests.harness_v3.test_audit" name="test_audit_draft" time="0.016" /><testcase classname="tests.harness_v3.test_audit" name="test_own_update_draft_and_verify_same_response" time="0.012" /><testcase classname="tests.harness_v3.test_audit" name="test_exact_alias_and_explicit_ref_share_audit" time="0.015" /><testcase classname="tests.harness_v3.test_audit" name="test_audit_a_does_not_certify_b" time="0.015" /><testcase classname="tests.harness_v3.test_audit" name="test_literal_quotes_not_normalized" time="0.015" /><testcase classname="tests.harness_v3.test_audit" name="test_verify_has_real_feedback_boundary" time="0.015" /><testcase classname="tests.harness_v3.test_audit" name="test_same_packet_cache_no_remote_request" time="0.015" /><testcase classname="tests.harness_v3.test_audit" name="test_denial_not_washed_by_clear_draft" time="0.022" /><testcase classname="tests.harness_v3.test_audit" name="test_denial_with_paragraph_ref_still_matches" time="0.020" /><testcase classname="tests.harness_v3.test_audit" name="test_noop_target_effect_not_global_progress" time="0.022" /><testcase classname="tests.harness_v3.test_audit" name="test_repair_preserves_packet_and_caps_attempts" time="0.015" /><testcase classname="tests.harness_v3.test_audit" name="test_protocol_failure_never_creates_semantic_conflict" time="0.015" /><testcase classname="tests.harness_v3.test_audit" name="test_audit_budget_reserves_a_reaction" time="0.010" /><testcase classname="tests.harness_v3.test_audit" name="test_empty_incomplete_or_foreign_checks_rejected[{&quot;checks&quot;:{}}]" time="0.013" /><testcase classname="tests.harness_v3.test_audit" name="test_empty_incomplete_or_foreign_checks_rejected[{&quot;checks&quot;:{&quot;target&quot;:{&quot;verdict&quot;:&quot;supported&quot;,&quot;explanation&quot;:&quot;x&quot;,&quot;refs&quot;:[]}}}]" time="0.012" /><testcase classname="tests.harness_v3.test_audit" name="test_empty_incomplete_or_foreign_checks_rejected[{&quot;checks&quot;:{&quot;target&quot;:{&quot;verdict&quot;:&quot;supported&quot;,&quot;explanation&quot;:&quot;x&quot;,&quot;refs&quot;:[]},&quot;coverage&quot;:{&quot;verdict&quot;:&quot;supported&quot;,&quot;explanation&quot;:&quot;x&quot;,&quot;refs&quot;:[&quot;o99&quot;]}}}]" time="0.013" /><testcase classname="tests.harness_v3.test_audit" name="test_claim_audit_requires_own_lineage" time="0.024" /><testcase classname="tests.harness_v3.test_audit" name="test_hard_mode_requires_matching_pass" time="0.026" /><testcase classname="tests.harness_v3.test_audit" name="test_hard_mode_does_not_turn_unknown_into_supported" time="0.018" /><testcase classname="tests.harness_v3.test_audit" name="test_feedback_keeps_audited_and_current_answer_distinct" time="0.015" /><testcase classname="tests.harness_v3.test_contract" name="test_valid[search-args0]" time="0.001" /><testcase classname="tests.harness_v3.test_contract" name="test_valid[open_page-args1]" time="0.000" /><testcase classname="tests.harness_v3.test_contract" name="test_valid[open_page-args2]" time="0.000" /><testcase classname="tests.harness_v3.test_contract" name="test_valid[read_evidence-args3]" time="0.000" /><testcase classname="tests.harness_v3.test_contract" name="test_valid[read_evidence-args4]" time="0.001" /><testcase classname="tests.harness_v3.test_contract" name="test_valid[read_evidence-args5]" time="0.000" /><testcase classname="tests.harness_v3.test_contract" name="test_valid[read_evidence-args6]" time="0.000" /><testcase classname="tests.harness_v3.test_contract" name="test_valid[update_state-args7]" time="0.000" /><testcase classname="tests.harness_v3.test_contract" name="test_valid[update_state-args8]" time="0.001" /><testcase classname="tests.harness_v3.test_contract" name="test_valid[update_state-args9]" time="0.000" /><testcase classname="tests.harness_v3.test_contract" name="test_valid[update_state-args10]" time="0.000" /><testcase classname="tests.harness_v3.test_contract" name="test_valid[update_state-args11]" time="0.000" /><testcase classname="tests.harness_v3.test_contract" name="test_valid[update_state-args12]" time="0.000" /><testcase classname="tests.harness_v3.test_contract" name="test_valid[verify_answer-args13]" time="0.000" /><testcase classname="tests.harness_v3.test_contract" name="test_valid[verify_answer-args14]" time="0.000" /><testcase classname="tests.harness_v3.test_contract" name="test_valid[submit_answer-args15]" time="0.000" /><testcase classname="tests.harness_v3.test_contract" name="test_valid[submit_answer-args16]" time="0.000" /><testcase classname="tests.harness_v3.test_contract" name="test_invalid[search-args0]" time="0.000" /><testcase classname="tests.harness_v3.test_contract" name="test_invalid[search-args1]" time="0.000" /><testcase classname="tests.harness_v3.test_contract" name="test_invalid[search-args2]" time="0.000" /><testcase classname="tests.harness_v3.test_contract" name="test_invalid[open_page-args3]" time="0.000" /><testcase classname="tests.harness_v3.test_contract" name="test_invalid[open_page-args4]" time="0.000" /><testcase classname="tests.harness_v3.test_contract" name="test_invalid[open_page-args5]" time="0.000" /><testcase classname="tests.harness_v3.test_contract" name="test_invalid[read_evidence-args6]" time="0.000" /><testcase classname="tests.harness_v3.test_contract" name="test_invalid[read_evidence-args7]" time="0.000" /><testcase classname="tests.harness_v3.test_contract" name="test_invalid[read_evidence-args8]" time="0.000" /><testcase classname="tests.harness_v3.test_contract" name="test_invalid[update_state-args9]" time="0.000" /><testcase classname="tests.harness_v3.test_contract" name="test_invalid[update_state-args10]" time="0.000" /><testcase classname="tests.harness_v3.test_contract" name="test_invalid[update_state-args11]" time="0.000" /><testcase classname="tests.harness_v3.test_contract" name="test_invalid[update_state-args12]" time="0.000" /><testcase classname="tests.harness_v3.test_contract" name="test_invalid[update_state-args13]" time="0.000" /><testcase classname="tests.harness_v3.test_contract" name="test_invalid[update_state-args14]" time="0.000" /><testcase classname="tests.harness_v3.test_contract" name="test_invalid[update_state-args15]" time="0.000" /><testcase classname="tests.harness_v3.test_contract" name="test_invalid[verify_answer-args16]" time="0.000" /><testcase classname="tests.harness_v3.test_contract" name="test_invalid[verify_answer-args17]" time="0.000" /><testcase classname="tests.harness_v3.test_contract" name="test_invalid[submit_answer-args18]" time="0.000" /><testcase classname="tests.harness_v3.test_contract" name="test_invalid[submit_answer-args19]" time="0.000" /><testcase classname="tests.harness_v3.test_contract" name="test_invalid[submit_answer-args20]" time="0.000" /><testcase classname="tests.harness_v3.test_contract" name="test_invalid[submit_answer-args21]" time="0.000" /><testcase classname="tests.harness_v3.test_contract" name="test_no_shared_schema_aliases" time="0.001" /><testcase classname="tests.harness_v3.test_contract" name="test_strict_json[{&quot;x&quot;:1,&quot;x&quot;:2}]" time="0.000" /><testcase classname="tests.harness_v3.test_contract" name="test_strict_json[{&quot;x&quot;:NaN}]" time="0.000" /><testcase classname="tests.harness_v3.test_contract" name="test_strict_json[{&quot;x&quot;:Infinity}]" time="0.000" /><testcase classname="tests.harness_v3.test_contract" name="test_strict_json[{broken]" time="0.000" /><testcase classname="tests.harness_v3.test_contract" name="test_bad_config[kwargs0]" time="0.000" /><testcase classname="tests.harness_v3.test_contract" name="test_bad_config[kwargs1]" time="0.000" /><testcase classname="tests.harness_v3.test_contract" name="test_bad_config[kwargs2]" time="0.000" /><testcase classname="tests.harness_v3.test_contract" name="test_bad_config[kwargs3]" time="0.000" /><testcase classname="tests.harness_v3.test_contract" name="test_bad_config[kwargs4]" time="0.000" /><testcase classname="tests.harness_v3.test_engine" name="test_exposure_requires_response" time="0.010" /><testcase classname="tests.harness_v3.test_engine" name="test_q790_unused_source_and_null_focus_do_not_block" time="0.019" /><testcase classname="tests.harness_v3.test_engine" name="test_read_unregistered_without_focus" time="0.014" /><testcase classname="tests.harness_v3.test_engine" name="test_add_allocates_and_returns_content_mapping" time="0.015" /><testcase classname="tests.harness_v3.test_engine" name="test_guess_new_claim_same_response_rejected" time="0.012" /><testcase classname="tests.harness_v3.test_engine" name="test_new_observation_same_response_rejected" time="0.007" /><testcase classname="tests.harness_v3.test_engine" name="test_new_document_same_response_rejected" time="0.004" /><testcase classname="tests.harness_v3.test_engine" name="test_multi_read_disables_this" time="0.013" /><testcase classname="tests.harness_v3.test_engine" name="test_failed_read_clears_old_this" time="0.014" /><testcase classname="tests.harness_v3.test_engine" name="test_this_persists_through_pure_repair_when_rendered" time="0.017" /><testcase classname="tests.harness_v3.test_engine" name="test_this_frozen_despite_later_open" time="0.013" /><testcase classname="tests.harness_v3.test_engine" name="test_this_disabled_config" time="0.015" /><testcase classname="tests.harness_v3.test_engine" name="test_this_and_explicit_selector_deduplicate_but_keep_trace" time="0.011" /><testcase classname="tests.harness_v3.test_engine" name="test_derived_claim_no_duplicate_raw_ids" time="0.019" /><testcase classname="tests.harness_v3.test_engine" name="test_requirement_only_invalidates_finding" time="0.018" /><testcase classname="tests.harness_v3.test_engine" name="test_local_dependency_invalidation_preserves_independent" time="0.034" /><testcase classname="tests.harness_v3.test_engine" name="test_revision_cuts_old_segment_not_raw_archive" time="0.015" /><testcase classname="tests.harness_v3.test_engine" name="test_source_only_addition_preserves_dependency" time="0.028" /><testcase classname="tests.harness_v3.test_engine" name="test_atomic_multi_revision_binds_proposal_version" time="0.020" /><testcase classname="tests.harness_v3.test_engine" name="test_bad_delta_does_not_partially_write" time="0.016" /><testcase classname="tests.harness_v3.test_engine" name="test_cycle_through_existing_claim_rejected" time="0.021" /><testcase classname="tests.harness_v3.test_engine" name="test_noop_and_aba_versions" time="0.023" /><testcase classname="tests.harness_v3.test_engine" name="test_retired_id_not_reused" time="0.018" /><testcase classname="tests.harness_v3.test_engine" name="test_own_update_then_submit_uses_new_version" time="0.015" /><testcase classname="tests.harness_v3.test_engine" name="test_failed_update_stops_submit" time="0.010" /><testcase classname="tests.harness_v3.test_engine" name="test_no_source_default_not_inherited" time="0.020" /><testcase classname="tests.harness_v3.test_engine" name="test_claim_without_raw_path_is_note_not_evidence" time="0.005" /><testcase classname="tests.harness_v3.test_engine" name="test_history_recovers_old_search_and_note" time="0.015" /><testcase classname="tests.harness_v3.test_engine" name="test_window_cursor_immutable_snapshot" time="0.010" /><testcase classname="tests.harness_v3.test_engine" name="test_multi_tool_native_receipts_all_paired" time="0.003" /><testcase classname="tests.harness_v3.test_engine" name="test_duplicate_native_call_ids_no_execution" time="0.002" /><testcase classname="tests.harness_v3.test_engine" name="test_decision_one_use" time="0.003" /><testcase classname="tests.harness_v3.test_engine" name="test_state_property_does_not_allow_mutation" time="0.001" /><testcase classname="tests.harness_v3.test_io" name="test_persistent_smoke_and_readonly_replay" time="0.022" /><testcase classname="tests.harness_v3.test_io" name="test_existing_ledger_not_overwritten" time="0.002" /><testcase classname="tests.harness_v3.test_io" name="test_resume_completed_batch" time="0.021" /><testcase classname="tests.harness_v3.test_io" name="test_resume_interrupted_request_never_resends" time="0.003" /><testcase classname="tests.harness_v3.test_io" name="test_hash_chain_detects_tampering" time="0.014" /><testcase classname="tests.harness_v3.test_io" name="test_optimistic_writer_does_not_overwrite" time="0.004" /><testcase classname="tests.harness_v3.test_io" name="test_resume_different_index_rejected" time="0.002" /><testcase classname="tests.harness_v3.test_io" name="test_old_ledger_not_silently_migrated" time="0.001" /><testcase classname="tests.harness_v3.test_io" name="test_capacity_failure_does_not_claim_delivery" time="0.004" /><testcase classname="tests.harness_v3.test_io" name="test_compaction_preserves_native_pairs_and_frozen_alias" time="0.115" /><testcase classname="tests.harness_v3.test_io" name="test_full_batch_not_shrunk_to_fabricate_single_this" time="0.065" /><testcase classname="tests.harness_v3.test_io" name="test_source_requirement_is_explicit" time="0.005" /><testcase classname="tests.harness_v3.test_io" name="test_last_policy_can_submit_without_prior_update" time="0.010" /><testcase classname="tests.harness_v3.test_io" name="test_budget_does_not_salvage_draft" time="0.003" /><testcase classname="tests.harness_v3.test_io" name="test_bad_refs_not_fuzzy_fixed" time="0.013" /><testcase classname="tests.harness_v3.test_io" name="test_search_cache_is_not_free_policy_call" time="0.006" /><testcase classname="tests.harness_v3.test_io" name="test_training_export_refuses_fabricated_alignment" time="0.016" /><testcase classname="tests.harness_v3.test_io" name="test_training_accepts_explicit_exact_sampler_fields" time="0.004" /><testcase classname="tests.harness_v3.test_io" name="test_cli_network_requires_authorization" time="0.002" /><testcase classname="tests.harness_v3.test_io" name="test_url_credentials_not_accepted" time="0.000" /><testcase classname="tests.harness_v3.test_io" name="test_local_http_end_to_end_native" time="0.530" /><testcase classname="tests.harness_v3.test_io" name="test_retrieval_url_credentials_rejected" time="0.000" /><testcase classname="tests.harness_v3.test_io" name="test_write_refuses_legacy_database_without_adding_tables" time="0.002" /><testcase classname="tests.harness_v3.test_io" name="test_unresolved_requirement_survives_without_stale_finding" time="0.016" /></testsuite></testsuites>